01-Aug-2017 17:32:51.418 INFO [main] org.apache.catalina.startup.VersionLoggerListener.log Server version:        Apache Tomcat/8.5.16
01-Aug-2017 17:32:51.422 INFO [main] org.apache.catalina.startup.VersionLoggerListener.log Server built:          Jun 21 2017 17:01:09 UTC
01-Aug-2017 17:32:51.422 INFO [main] org.apache.catalina.startup.VersionLoggerListener.log Server number:         8.5.16.0
01-Aug-2017 17:32:51.422 INFO [main] org.apache.catalina.startup.VersionLoggerListener.log OS Name:               Windows 10
01-Aug-2017 17:32:51.423 INFO [main] org.apache.catalina.startup.VersionLoggerListener.log OS Version:            10.0
01-Aug-2017 17:32:51.423 INFO [main] org.apache.catalina.startup.VersionLoggerListener.log Architecture:          amd64
01-Aug-2017 17:32:51.423 INFO [main] org.apache.catalina.startup.VersionLoggerListener.log Java Home:             C:\Program Files\Java\jdk1.8.0_131\jre
01-Aug-2017 17:32:51.424 INFO [main] org.apache.catalina.startup.VersionLoggerListener.log JVM Version:           1.8.0_131-b11
01-Aug-2017 17:32:51.424 INFO [main] org.apache.catalina.startup.VersionLoggerListener.log JVM Vendor:            Oracle Corporation
01-Aug-2017 17:32:51.424 INFO [main] org.apache.catalina.startup.VersionLoggerListener.log CATALINA_BASE:         D:\apache-tomcat-8.5.16
01-Aug-2017 17:32:51.424 INFO [main] org.apache.catalina.startup.VersionLoggerListener.log CATALINA_HOME:         D:\apache-tomcat-8.5.16
01-Aug-2017 17:32:51.424 INFO [main] org.apache.catalina.startup.VersionLoggerListener.log Command line argument: -Djava.util.logging.config.file=D:/apache-tomcat-8.5.16/conf/logging.properties
01-Aug-2017 17:32:51.424 INFO [main] org.apache.catalina.startup.VersionLoggerListener.log Command line argument: -Djava.util.logging.manager=org.apache.juli.ClassLoaderLogManager
01-Aug-2017 17:32:51.424 INFO [main] org.apache.catalina.startup.VersionLoggerListener.log Command line argument: -Djdk.tls.ephemeralDHKeySize=2048
01-Aug-2017 17:32:51.425 INFO [main] org.apache.catalina.startup.VersionLoggerListener.log Command line argument: -Djava.protocol.handler.pkgs=org.apache.catalina.webresources
01-Aug-2017 17:32:51.425 INFO [main] org.apache.catalina.startup.VersionLoggerListener.log Command line argument: -Dcatalina.base=D:/apache-tomcat-8.5.16
01-Aug-2017 17:32:51.425 INFO [main] org.apache.catalina.startup.VersionLoggerListener.log Command line argument: -Dcatalina.home=D:/apache-tomcat-8.5.16
01-Aug-2017 17:32:51.426 INFO [main] org.apache.catalina.startup.VersionLoggerListener.log Command line argument: -Djava.io.tmpdir=D:/apache-tomcat-8.5.16/temp
01-Aug-2017 17:32:51.426 INFO [main] org.apache.catalina.core.AprLifecycleListener.lifecycleEvent Loaded APR based Apache Tomcat Native library [1.2.12] using APR version [1.5.2].
01-Aug-2017 17:32:51.426 INFO [main] org.apache.catalina.core.AprLifecycleListener.lifecycleEvent APR capabilities: IPv6 [true], sendfile [true], accept filters [false], random [true].
01-Aug-2017 17:32:51.426 INFO [main] org.apache.catalina.core.AprLifecycleListener.lifecycleEvent APR/OpenSSL configuration: useAprConnector [false], useOpenSSL [true]
01-Aug-2017 17:32:52.141 INFO [main] org.apache.catalina.core.AprLifecycleListener.initializeSSL OpenSSL successfully initialized [OpenSSL 1.0.2k  26 Jan 2017]
01-Aug-2017 17:32:52.255 INFO [main] org.apache.coyote.AbstractProtocol.init Initializing ProtocolHandler ["http-nio-8080"]
01-Aug-2017 17:32:52.471 INFO [main] org.apache.tomcat.util.net.NioSelectorPool.getSharedSelector Using a shared selector for servlet write/read
01-Aug-2017 17:32:52.473 INFO [main] org.apache.coyote.AbstractProtocol.init Initializing ProtocolHandler ["ajp-nio-8009"]
01-Aug-2017 17:32:52.474 INFO [main] org.apache.tomcat.util.net.NioSelectorPool.getSharedSelector Using a shared selector for servlet write/read
01-Aug-2017 17:32:52.475 INFO [main] org.apache.catalina.startup.Catalina.load Initialization processed in 1447 ms
01-Aug-2017 17:32:52.494 INFO [main] org.apache.catalina.core.StandardService.startInternal Starting service [Catalina]
01-Aug-2017 17:32:52.494 INFO [main] org.apache.catalina.core.StandardEngine.startInternal Starting Servlet Engine: Apache Tomcat/8.5.16
01-Aug-2017 17:32:52.503 INFO [localhost-startStop-1] org.apache.catalina.startup.HostConfig.deployDirectory Deploying web application directory [D:\apache-tomcat-8.5.16\webapps\docs]
01-Aug-2017 17:32:52.793 INFO [localhost-startStop-1] org.apache.catalina.startup.HostConfig.deployDirectory Deployment of web application directory [D:\apache-tomcat-8.5.16\webapps\docs] has finished in [289] ms
01-Aug-2017 17:32:52.793 INFO [localhost-startStop-1] org.apache.catalina.startup.HostConfig.deployDirectory Deploying web application directory [D:\apache-tomcat-8.5.16\webapps\examples]
01-Aug-2017 17:32:53.132 INFO [localhost-startStop-1] org.apache.catalina.startup.HostConfig.deployDirectory Deployment of web application directory [D:\apache-tomcat-8.5.16\webapps\examples] has finished in [339] ms
01-Aug-2017 17:32:53.134 INFO [localhost-startStop-1] org.apache.catalina.startup.HostConfig.deployDirectory Deploying web application directory [D:\apache-tomcat-8.5.16\webapps\host-manager]
01-Aug-2017 17:32:53.178 INFO [localhost-startStop-1] org.apache.catalina.startup.HostConfig.deployDirectory Deployment of web application directory [D:\apache-tomcat-8.5.16\webapps\host-manager] has finished in [44] ms
01-Aug-2017 17:32:53.178 INFO [localhost-startStop-1] org.apache.catalina.startup.HostConfig.deployDirectory Deploying web application directory [D:\apache-tomcat-8.5.16\webapps\manager]
01-Aug-2017 17:32:53.219 INFO [localhost-startStop-1] org.apache.catalina.startup.HostConfig.deployDirectory Deployment of web application directory [D:\apache-tomcat-8.5.16\webapps\manager] has finished in [41] ms
01-Aug-2017 17:32:53.219 INFO [localhost-startStop-1] org.apache.catalina.startup.HostConfig.deployDirectory Deploying web application directory [D:\apache-tomcat-8.5.16\webapps\ROOT]
01-Aug-2017 17:32:53.235 INFO [localhost-startStop-1] org.apache.catalina.startup.HostConfig.deployDirectory Deployment of web application directory [D:\apache-tomcat-8.5.16\webapps\ROOT] has finished in [16] ms
01-Aug-2017 17:32:53.238 INFO [main] org.apache.coyote.AbstractProtocol.start Starting ProtocolHandler ["http-nio-8080"]
01-Aug-2017 17:32:53.249 INFO [main] org.apache.coyote.AbstractProtocol.start Starting ProtocolHandler ["ajp-nio-8009"]
01-Aug-2017 17:32:53.252 INFO [main] org.apache.catalina.startup.Catalina.start Server startup in 777 ms
01-Aug-2017 17:33:05.364 INFO [main] org.apache.catalina.core.StandardServer.await A valid shutdown command was received via the shutdown port. Stopping the Server instance.
01-Aug-2017 17:33:05.364 INFO [main] org.apache.coyote.AbstractProtocol.pause Pausing ProtocolHandler ["http-nio-8080"]
01-Aug-2017 17:33:05.584 INFO [main] org.apache.coyote.AbstractProtocol.pause Pausing ProtocolHandler ["ajp-nio-8009"]
01-Aug-2017 17:33:05.792 INFO [main] org.apache.catalina.core.StandardService.stopInternal Stopping service [Catalina]
01-Aug-2017 17:33:05.815 INFO [main] org.apache.coyote.AbstractProtocol.stop Stopping ProtocolHandler ["http-nio-8080"]
01-Aug-2017 17:33:05.816 INFO [main] org.apache.coyote.AbstractProtocol.stop Stopping ProtocolHandler ["ajp-nio-8009"]
01-Aug-2017 17:33:05.818 INFO [main] org.apache.coyote.AbstractProtocol.destroy Destroying ProtocolHandler ["http-nio-8080"]
01-Aug-2017 17:33:05.819 INFO [main] org.apache.coyote.AbstractProtocol.destroy Destroying ProtocolHandler ["ajp-nio-8009"]
